<?xml version="1.0" encoding="UTF-8"?>
<!-- Generated by org.testng.reporters.JUnitReportReporter -->
<testsuite skipped="0" hostname="Tewfiks-Mac-Pro.local" name="demo.TestNGMultiBrowserDemo" tests="2" failures="0" timestamp="16 Oct 2018 23:45:14 GMT" time="10.788" errors="0">
  <testcase name="test1" time="5.253" classname="demo.TestNGMultiBrowserDemo"/>
  <testcase name="test1" time="5.535" classname="demo.TestNGMultiBrowserDemo"/>
</testsuite> <!-- demo.TestNGMultiBrowserDemo -->
