<?xml version="1.0" encoding="UTF-8"?>
<!-- Generated by org.testng.reporters.JUnitReportReporter -->
<testsuite hostname="Tewfiks-Mac-Pro.local" failures="0" tests="5" name="utils.Exceldataprovider" time="15.307" errors="0" timestamp="14 Oct 2018 13:01:58 GMT" skipped="0">
  <testcase classname="utils.Exceldataprovider" name="test1" time="2.656"/>
  <testcase classname="utils.Exceldataprovider" name="test1" time="2.608"/>
  <testcase classname="utils.Exceldataprovider" name="test1" time="3.011"/>
  <testcase classname="utils.Exceldataprovider" name="test1" time="4.418"/>
  <testcase classname="utils.Exceldataprovider" name="test1" time="2.614"/>
</testsuite> <!-- utils.Exceldataprovider -->
